0 info it worked if it ends with ok
1 verbose cli [ '/usr/bin/node',
1 verbose cli   '/usr/bin/npm',
1 verbose cli   'install',
1 verbose cli   '--save',
1 verbose cli   'OwlCarousel2-develop/owl.carousel' ]
2 info using npm@3.5.2
3 info using node@v8.10.0
4 silly loadCurrentTree Starting
5 silly install loadCurrentTree
6 silly install readLocalPackageData
7 silly fetchPackageMetaData OwlCarousel2-develop/owl.carousel
8 silly fetchOtherPackageData OwlCarousel2-develop/owl.carousel
9 silly cache add args [ 'OwlCarousel2-develop/owl.carousel', null ]
10 verbose cache add spec OwlCarousel2-develop/owl.carousel
11 silly cache add parsed spec Result {
11 silly cache add   raw: 'OwlCarousel2-develop/owl.carousel',
11 silly cache add   scope: null,
11 silly cache add   name: null,
11 silly cache add   rawSpec: 'OwlCarousel2-develop/owl.carousel',
11 silly cache add   spec: 'github:owlcarousel2-develop/owl.carousel',
11 silly cache add   type: 'hosted',
11 silly cache add   hosted:
11 silly cache add    { type: 'github',
11 silly cache add      ssh: 'git@github.com:owlcarousel2-develop/owl.carousel.git',
11 silly cache add      sshUrl: 'git+ssh://git@github.com/owlcarousel2-develop/owl.carousel.git',
11 silly cache add      httpsUrl: 'git+https://github.com/owlcarousel2-develop/owl.carousel.git',
11 silly cache add      gitUrl: 'git://github.com/owlcarousel2-develop/owl.carousel.git',
11 silly cache add      shortcut: 'github:owlcarousel2-develop/owl.carousel',
11 silly cache add      directUrl: 'https://raw.githubusercontent.com/owlcarousel2-develop/owl.carousel/master/package.json' } }
12 verbose addRemoteGit caching OwlCarousel2-develop/owl.carousel
13 verbose addRemoteGit owlcarousel2-develop/owl.carousel is a repository hosted by github
14 silly tryGitProto attempting to clone git://github.com/owlcarousel2-develop/owl.carousel.git
15 silly tryClone cloning owlcarousel2-develop/owl.carousel via git://github.com/owlcarousel2-develop/owl.carousel.git
16 verbose tryClone git-github-com-owlcarousel2-develop-owl-carousel-git-3f359ed8 not in flight; caching
17 info git [ 'config', '--get', 'remote.origin.url' ]
18 warn addRemoteGit Error: Command failed: git config --get remote.origin.url
18 warn addRemoteGit
18 warn addRemoteGit     at ChildProcess.exithandler (child_process.js:275:12)
18 warn addRemoteGit     at emitTwo (events.js:126:13)
18 warn addRemoteGit     at ChildProcess.emit (events.js:214:7)
18 warn addRemoteGit     at maybeClose (internal/child_process.js:925:16)
18 warn addRemoteGit     at Socket.stream.socket.on (internal/child_process.js:346:11)
18 warn addRemoteGit     at emitOne (events.js:116:13)
18 warn addRemoteGit     at Socket.emit (events.js:211:7)
18 warn addRemoteGit     at Pipe._handle.close [as _onclose] (net.js:567:12)
18 warn addRemoteGit  owlcarousel2-develop/owl.carousel resetting remote /home/kennedy/.npm/_git-remotes/git-github-com-owlcarousel2-develop-owl-carousel-git-3f359ed8 because of error: { Error: Command failed: git config --get remote.origin.url
18 warn addRemoteGit
18 warn addRemoteGit     at ChildProcess.exithandler (child_process.js:275:12)
18 warn addRemoteGit     at emitTwo (events.js:126:13)
18 warn addRemoteGit     at ChildProcess.emit (events.js:214:7)
18 warn addRemoteGit     at maybeClose (internal/child_process.js:925:16)
18 warn addRemoteGit     at Socket.stream.socket.on (internal/child_process.js:346:11)
18 warn addRemoteGit     at emitOne (events.js:116:13)
18 warn addRemoteGit     at Socket.emit (events.js:211:7)
18 warn addRemoteGit     at Pipe._handle.close [as _onclose] (net.js:567:12)
18 warn addRemoteGit   killed: false,
18 warn addRemoteGit   code: 1,
18 warn addRemoteGit   signal: null,
18 warn addRemoteGit   cmd: 'git config --get remote.origin.url' }
19 info resetRemote resetting /home/kennedy/.npm/_git-remotes/git-github-com-owlcarousel2-develop-owl-carousel-git-3f359ed8 for owlcarousel2-develop/owl.carousel
20 silly gentlyRm /home/kennedy/.npm/_git-remotes/git-github-com-owlcarousel2-develop-owl-carousel-git-3f359ed8 is being purged
21 verbose gentlyRm don't care about contents; nuking /home/kennedy/.npm/_git-remotes/git-github-com-owlcarousel2-develop-owl-carousel-git-3f359ed8
22 silly vacuum-fs purging /home/kennedy/.npm/_git-remotes/git-github-com-owlcarousel2-develop-owl-carousel-git-3f359ed8
23 silly vacuum-fs quitting because other entries in /home/kennedy/.npm/_git-remotes
24 info git [ 'clone',
24 info git   '--template=/home/kennedy/.npm/_git-remotes/_templates',
24 info git   '--mirror',
24 info git   'git://github.com/owlcarousel2-develop/owl.carousel.git',
24 info git   '/home/kennedy/.npm/_git-remotes/git-github-com-owlcarousel2-develop-owl-carousel-git-3f359ed8' ]
25 error git clone --template=/home/kennedy/.npm/_git-remotes/_templates --mirror git://github.com/owlcarousel2-develop/owl.carousel.git /home/kennedy/.npm/_git-remotes/git-github-com-owlcarousel2-develop-owl-carousel-git-3f359ed8: Cloning into bare repository '/home/kennedy/.npm/_git-remotes/git-github-com-owlcarousel2-develop-owl-carousel-git-3f359ed8'...
25 error git clone --template=/home/kennedy/.npm/_git-remotes/_templates --mirror git://github.com/owlcarousel2-develop/owl.carousel.git /home/kennedy/.npm/_git-remotes/git-github-com-owlcarousel2-develop-owl-carousel-git-3f359ed8: fatal: remote error:
25 error git clone --template=/home/kennedy/.npm/_git-remotes/_templates --mirror git://github.com/owlcarousel2-develop/owl.carousel.git /home/kennedy/.npm/_git-remotes/git-github-com-owlcarousel2-develop-owl-carousel-git-3f359ed8:   Repository not found.
26 silly tryHTTPS attempting to clone git+https://github.com/owlcarousel2-develop/owl.carousel.git
27 silly tryClone cloning owlcarousel2-develop/owl.carousel via git+https://github.com/owlcarousel2-develop/owl.carousel.git
28 verbose tryClone git-https-github-com-owlcarousel2-develop-owl-carousel-git-70b2848f not in flight; caching
29 info git [ 'config', '--get', 'remote.origin.url' ]
30 warn addRemoteGit Error: Command failed: git config --get remote.origin.url
30 warn addRemoteGit
30 warn addRemoteGit     at ChildProcess.exithandler (child_process.js:275:12)
30 warn addRemoteGit     at emitTwo (events.js:126:13)
30 warn addRemoteGit     at ChildProcess.emit (events.js:214:7)
30 warn addRemoteGit     at maybeClose (internal/child_process.js:925:16)
30 warn addRemoteGit     at Socket.stream.socket.on (internal/child_process.js:346:11)
30 warn addRemoteGit     at emitOne (events.js:116:13)
30 warn addRemoteGit     at Socket.emit (events.js:211:7)
30 warn addRemoteGit     at Pipe._handle.close [as _onclose] (net.js:567:12)
30 warn addRemoteGit  owlcarousel2-develop/owl.carousel resetting remote /home/kennedy/.npm/_git-remotes/git-https-github-com-owlcarousel2-develop-owl-carousel-git-70b2848f because of error: { Error: Command failed: git config --get remote.origin.url
30 warn addRemoteGit
30 warn addRemoteGit     at ChildProcess.exithandler (child_process.js:275:12)
30 warn addRemoteGit     at emitTwo (events.js:126:13)
30 warn addRemoteGit     at ChildProcess.emit (events.js:214:7)
30 warn addRemoteGit     at maybeClose (internal/child_process.js:925:16)
30 warn addRemoteGit     at Socket.stream.socket.on (internal/child_process.js:346:11)
30 warn addRemoteGit     at emitOne (events.js:116:13)
30 warn addRemoteGit     at Socket.emit (events.js:211:7)
30 warn addRemoteGit     at Pipe._handle.close [as _onclose] (net.js:567:12)
30 warn addRemoteGit   killed: false,
30 warn addRemoteGit   code: 1,
30 warn addRemoteGit   signal: null,
30 warn addRemoteGit   cmd: 'git config --get remote.origin.url' }
31 info resetRemote resetting /home/kennedy/.npm/_git-remotes/git-https-github-com-owlcarousel2-develop-owl-carousel-git-70b2848f for owlcarousel2-develop/owl.carousel
32 silly gentlyRm /home/kennedy/.npm/_git-remotes/git-https-github-com-owlcarousel2-develop-owl-carousel-git-70b2848f is being purged
33 verbose gentlyRm don't care about contents; nuking /home/kennedy/.npm/_git-remotes/git-https-github-com-owlcarousel2-develop-owl-carousel-git-70b2848f
34 silly vacuum-fs purging /home/kennedy/.npm/_git-remotes/git-https-github-com-owlcarousel2-develop-owl-carousel-git-70b2848f
35 silly vacuum-fs quitting because other entries in /home/kennedy/.npm/_git-remotes
36 info git [ 'clone',
36 info git   '--template=/home/kennedy/.npm/_git-remotes/_templates',
36 info git   '--mirror',
36 info git   'https://github.com/owlcarousel2-develop/owl.carousel.git',
36 info git   '/home/kennedy/.npm/_git-remotes/git-https-github-com-owlcarousel2-develop-owl-carousel-git-70b2848f' ]
37 error git clone --template=/home/kennedy/.npm/_git-remotes/_templates --mirror https://github.com/owlcarousel2-develop/owl.carousel.git /home/kennedy/.npm/_git-remotes/git-https-github-com-owlcarousel2-develop-owl-carousel-git-70b2848f: Cloning into bare repository '/home/kennedy/.npm/_git-remotes/git-https-github-com-owlcarousel2-develop-owl-carousel-git-70b2848f'...
37 error git clone --template=/home/kennedy/.npm/_git-remotes/_templates --mirror https://github.com/owlcarousel2-develop/owl.carousel.git /home/kennedy/.npm/_git-remotes/git-https-github-com-owlcarousel2-develop-owl-carousel-git-70b2848f: remote: Invalid username or password.
37 error git clone --template=/home/kennedy/.npm/_git-remotes/_templates --mirror https://github.com/owlcarousel2-develop/owl.carousel.git /home/kennedy/.npm/_git-remotes/git-https-github-com-owlcarousel2-develop-owl-carousel-git-70b2848f: fatal: Authentication failed for 'https://github.com/owlcarousel2-develop/owl.carousel.git/'
38 silly trySSH attempting to clone git@github.com:owlcarousel2-develop/owl.carousel.git
39 silly tryClone cloning owlcarousel2-develop/owl.carousel via git@github.com:owlcarousel2-develop/owl.carousel.git
40 verbose tryClone git-github-com-owlcarousel2-develop-owl-carousel-git-08398886 not in flight; caching
41 info git [ 'config', '--get', 'remote.origin.url' ]
42 warn addRemoteGit Error: Command failed: git config --get remote.origin.url
42 warn addRemoteGit
42 warn addRemoteGit     at ChildProcess.exithandler (child_process.js:275:12)
42 warn addRemoteGit     at emitTwo (events.js:126:13)
42 warn addRemoteGit     at ChildProcess.emit (events.js:214:7)
42 warn addRemoteGit     at maybeClose (internal/child_process.js:925:16)
42 warn addRemoteGit     at Socket.stream.socket.on (internal/child_process.js:346:11)
42 warn addRemoteGit     at emitOne (events.js:116:13)
42 warn addRemoteGit     at Socket.emit (events.js:211:7)
42 warn addRemoteGit     at Pipe._handle.close [as _onclose] (net.js:567:12)
42 warn addRemoteGit  owlcarousel2-develop/owl.carousel resetting remote /home/kennedy/.npm/_git-remotes/git-github-com-owlcarousel2-develop-owl-carousel-git-08398886 because of error: { Error: Command failed: git config --get remote.origin.url
42 warn addRemoteGit
42 warn addRemoteGit     at ChildProcess.exithandler (child_process.js:275:12)
42 warn addRemoteGit     at emitTwo (events.js:126:13)
42 warn addRemoteGit     at ChildProcess.emit (events.js:214:7)
42 warn addRemoteGit     at maybeClose (internal/child_process.js:925:16)
42 warn addRemoteGit     at Socket.stream.socket.on (internal/child_process.js:346:11)
42 warn addRemoteGit     at emitOne (events.js:116:13)
42 warn addRemoteGit     at Socket.emit (events.js:211:7)
42 warn addRemoteGit     at Pipe._handle.close [as _onclose] (net.js:567:12)
42 warn addRemoteGit   killed: false,
42 warn addRemoteGit   code: 1,
42 warn addRemoteGit   signal: null,
42 warn addRemoteGit   cmd: 'git config --get remote.origin.url' }
43 info resetRemote resetting /home/kennedy/.npm/_git-remotes/git-github-com-owlcarousel2-develop-owl-carousel-git-08398886 for owlcarousel2-develop/owl.carousel
44 silly gentlyRm /home/kennedy/.npm/_git-remotes/git-github-com-owlcarousel2-develop-owl-carousel-git-08398886 is being purged
45 verbose gentlyRm don't care about contents; nuking /home/kennedy/.npm/_git-remotes/git-github-com-owlcarousel2-develop-owl-carousel-git-08398886
46 silly vacuum-fs purging /home/kennedy/.npm/_git-remotes/git-github-com-owlcarousel2-develop-owl-carousel-git-08398886
47 silly vacuum-fs quitting because other entries in /home/kennedy/.npm/_git-remotes
48 info git [ 'clone',
48 info git   '--template=/home/kennedy/.npm/_git-remotes/_templates',
48 info git   '--mirror',
48 info git   'git@github.com:owlcarousel2-develop/owl.carousel.git',
48 info git   '/home/kennedy/.npm/_git-remotes/git-github-com-owlcarousel2-develop-owl-carousel-git-08398886' ]
49 error git clone --template=/home/kennedy/.npm/_git-remotes/_templates --mirror git@github.com:owlcarousel2-develop/owl.carousel.git /home/kennedy/.npm/_git-remotes/git-github-com-owlcarousel2-develop-owl-carousel-git-08398886: Cloning into bare repository '/home/kennedy/.npm/_git-remotes/git-github-com-owlcarousel2-develop-owl-carousel-git-08398886'...
49 error git clone --template=/home/kennedy/.npm/_git-remotes/_templates --mirror git@github.com:owlcarousel2-develop/owl.carousel.git /home/kennedy/.npm/_git-remotes/git-github-com-owlcarousel2-develop-owl-carousel-git-08398886: git@github.com: Permission denied (publickey).
49 error git clone --template=/home/kennedy/.npm/_git-remotes/_templates --mirror git@github.com:owlcarousel2-develop/owl.carousel.git /home/kennedy/.npm/_git-remotes/git-github-com-owlcarousel2-develop-owl-carousel-git-08398886: fatal: Could not read from remote repository.
49 error git clone --template=/home/kennedy/.npm/_git-remotes/_templates --mirror git@github.com:owlcarousel2-develop/owl.carousel.git /home/kennedy/.npm/_git-remotes/git-github-com-owlcarousel2-develop-owl-carousel-git-08398886:
49 error git clone --template=/home/kennedy/.npm/_git-remotes/_templates --mirror git@github.com:owlcarousel2-develop/owl.carousel.git /home/kennedy/.npm/_git-remotes/git-github-com-owlcarousel2-develop-owl-carousel-git-08398886: Please make sure you have the correct access rights
49 error git clone --template=/home/kennedy/.npm/_git-remotes/_templates --mirror git@github.com:owlcarousel2-develop/owl.carousel.git /home/kennedy/.npm/_git-remotes/git-github-com-owlcarousel2-develop-owl-carousel-git-08398886: and the repository exists.
50 silly fetchPackageMetaData Error: Command failed: git clone --template=/home/kennedy/.npm/_git-remotes/_templates --mirror git@github.com:owlcarousel2-develop/owl.carousel.git /home/kennedy/.npm/_git-remotes/git-github-com-owlcarousel2-develop-owl-carousel-git-08398886
50 silly fetchPackageMetaData Cloning into bare repository '/home/kennedy/.npm/_git-remotes/git-github-com-owlcarousel2-develop-owl-carousel-git-08398886'...
50 silly fetchPackageMetaData git@github.com: Permission denied (publickey).
50 silly fetchPackageMetaData fatal: Could not read from remote repository.
50 silly fetchPackageMetaData
50 silly fetchPackageMetaData Please make sure you have the correct access rights
50 silly fetchPackageMetaData and the repository exists.
50 silly fetchPackageMetaData
50 silly fetchPackageMetaData     at ChildProcess.exithandler (child_process.js:275:12)
50 silly fetchPackageMetaData     at emitTwo (events.js:126:13)
50 silly fetchPackageMetaData     at ChildProcess.emit (events.js:214:7)
50 silly fetchPackageMetaData     at maybeClose (internal/child_process.js:925:16)
50 silly fetchPackageMetaData     at Process.ChildProcess._handle.onexit (internal/child_process.js:209:5)
50 silly fetchPackageMetaData  error for OwlCarousel2-develop/owl.carousel { Error: Command failed: git clone --template=/home/kennedy/.npm/_git-remotes/_templates --mirror git@github.com:owlcarousel2-develop/owl.carousel.git /home/kennedy/.npm/_git-remotes/git-github-com-owlcarousel2-develop-owl-carousel-git-08398886
50 silly fetchPackageMetaData Cloning into bare repository '/home/kennedy/.npm/_git-remotes/git-github-com-owlcarousel2-develop-owl-carousel-git-08398886'...
50 silly fetchPackageMetaData git@github.com: Permission denied (publickey).
50 silly fetchPackageMetaData fatal: Could not read from remote repository.
50 silly fetchPackageMetaData
50 silly fetchPackageMetaData Please make sure you have the correct access rights
50 silly fetchPackageMetaData and the repository exists.
50 silly fetchPackageMetaData
50 silly fetchPackageMetaData     at ChildProcess.exithandler (child_process.js:275:12)
50 silly fetchPackageMetaData     at emitTwo (events.js:126:13)
50 silly fetchPackageMetaData     at ChildProcess.emit (events.js:214:7)
50 silly fetchPackageMetaData     at maybeClose (internal/child_process.js:925:16)
50 silly fetchPackageMetaData     at Process.ChildProcess._handle.onexit (internal/child_process.js:209:5)
50 silly fetchPackageMetaData   killed: false,
50 silly fetchPackageMetaData   code: 128,
50 silly fetchPackageMetaData   signal: null,
50 silly fetchPackageMetaData   cmd: 'git clone --template=/home/kennedy/.npm/_git-remotes/_templates --mirror git@github.com:owlcarousel2-develop/owl.carousel.git /home/kennedy/.npm/_git-remotes/git-github-com-owlcarousel2-develop-owl-carousel-git-08398886' }
51 silly rollbackFailedOptional Starting
52 silly rollbackFailedOptional Finishing
53 silly runTopLevelLifecycles Starting
54 silly runTopLevelLifecycles Finishing
55 silly install printInstalled
56 verbose stack Error: Command failed: git clone --template=/home/kennedy/.npm/_git-remotes/_templates --mirror git@github.com:owlcarousel2-develop/owl.carousel.git /home/kennedy/.npm/_git-remotes/git-github-com-owlcarousel2-develop-owl-carousel-git-08398886
56 verbose stack Cloning into bare repository '/home/kennedy/.npm/_git-remotes/git-github-com-owlcarousel2-develop-owl-carousel-git-08398886'...
56 verbose stack git@github.com: Permission denied (publickey).
56 verbose stack fatal: Could not read from remote repository.
56 verbose stack
56 verbose stack Please make sure you have the correct access rights
56 verbose stack and the repository exists.
56 verbose stack
56 verbose stack     at ChildProcess.exithandler (child_process.js:275:12)
56 verbose stack     at emitTwo (events.js:126:13)
56 verbose stack     at ChildProcess.emit (events.js:214:7)
56 verbose stack     at maybeClose (internal/child_process.js:925:16)
56 verbose stack     at Process.ChildProcess._handle.onexit (internal/child_process.js:209:5)
57 verbose cwd /opt/lampp/htdocs/dreacot
58 error Linux 4.15.0-39-generic
59 error argv "/usr/bin/node" "/usr/bin/npm" "install" "--save" "OwlCarousel2-develop/owl.carousel"
60 error node v8.10.0
61 error npm  v3.5.2
62 error code 128
63 error Command failed: git clone --template=/home/kennedy/.npm/_git-remotes/_templates --mirror git@github.com:owlcarousel2-develop/owl.carousel.git /home/kennedy/.npm/_git-remotes/git-github-com-owlcarousel2-develop-owl-carousel-git-08398886
63 error Cloning into bare repository '/home/kennedy/.npm/_git-remotes/git-github-com-owlcarousel2-develop-owl-carousel-git-08398886'...
63 error git@github.com: Permission denied (publickey).
63 error fatal: Could not read from remote repository.
63 error
63 error Please make sure you have the correct access rights
63 error and the repository exists.
64 error If you need help, you may report this error at:
64 error     <https://github.com/npm/npm/issues>
65 verbose exit [ 1, true ]
